Log file open, 10/13/14 00:15:53
LogInit:Display: Running engine for game: BtoomUnreal
LogInit: Version: 4.4.3-2296771+++depot+UE4-Releases+4.4
LogInit: API Version: 2255576
LogInit: Compiled (64-bit): Sep 13 2014 22:30:58
LogInit: Build Configuration: Development
LogInit: Branch Name: ++depot+UE4-Releases+4.4
LogInit: Command line: 
LogInit: Base directory: C:/Program Files/Epic Games/4.4/Engine/Binaries/Win64/
LogInit: Rocket: 1
[2014.10.12-22.15.53:756][  0]LogTaskGraph: Started task graph with 3 named threads and 4 total threads.
[2014.10.12-22.15.53:788][  0]LogOnline:Warning: No default platform service specified for OnlineSubsystem
[2014.10.12-22.15.53:801][  0]LogInit: Presizing for 0 objects not considered by GC, pre-allocating 0 bytes.
[2014.10.12-22.15.53:808][  0]LogInit: Object subsystem initialized
[2014.10.12-22.15.53:810][  0]LogInit: Selected Device Profile: [Windows]
[2014.10.12-22.15.53:810][  0]LogInit: Applying CVar settings loaded from the selected device profile: [Windows]
[2014.10.12-22.15.53:821][  0]LogInit: Computer: GODESITY
[2014.10.12-22.15.53:821][  0]LogInit: User: Johannes
[2014.10.12-22.15.53:824][  0]LogInit: CPU Page size=4096, Cores=4
[2014.10.12-22.15.53:824][  0]LogInit: High frequency timer resolution =2.435775 MHz
[2014.10.12-22.15.53:824][  0]LogMemory: Memory total: Physical=7.9GB (8GB approx) Virtual=131072.0GB
[2014.10.12-22.15.53:824][  0]LogMemory: Platform Memory Stats for Windows
[2014.10.12-22.15.53:824][  0]LogMemory: Process Physical Memory: 60.08 MB used, 60.08 MB peak
[2014.10.12-22.15.53:824][  0]LogMemory: Process Virtual Memory: 36.30 MB used, 36.30 MB peak
[2014.10.12-22.15.53:824][  0]LogMemory: Physical Memory: 4831.77 MB used, 8104.27 MB total
[2014.10.12-22.15.53:824][  0]LogMemory: Virtual Memory: 265.49 MB used, 134217728.00 MB total
[2014.10.12-22.15.53:853][  0]LogD3D11RHI: Found D3D11 adapter 0: NVIDIA GeForce GTX 860M   (Feature Level 11_0)
[2014.10.12-22.15.53:853][  0]LogD3D11RHI: Adapter has 1972MB of dedicated video memory, 0MB of dedicated system memory, and 2048MB of shared system memory, 1 output[s]
[2014.10.12-22.15.53:862][  0]LogD3D11RHI: Found D3D11 adapter 1: Intel(R) HD Graphics 4600 (Feature Level 11_0)
[2014.10.12-22.15.53:862][  0]LogD3D11RHI: Adapter has 0MB of dedicated video memory, 0MB of dedicated system memory, and 1792MB of shared system memory, 0 output[s]
[2014.10.12-22.15.53:863][  0]LogD3D11RHI: Found D3D11 adapter 2: Microsoft Basic Render Driver (Feature Level 11_0)
[2014.10.12-22.15.53:863][  0]LogD3D11RHI: Adapter has 0MB of dedicated video memory, 0MB of dedicated system memory, and 256MB of shared system memory, 0 output[s]
[2014.10.12-22.15.53:863][  0]LogD3D11RHI: Chosen D3D11 Adapter Id = 0
[2014.10.12-22.15.53:870][  0]LogRHI: Texture pool is 1361 MB (70% of 1945 MB)
[2014.10.12-22.15.53:908][  0]LogD3D11RHI: Async texture creation enabled
[2014.10.12-22.15.54:034][  0]LogContentStreaming: Texture pool size is 0.000000MB
[2014.10.12-22.15.55:530][  0]LogTargetPlatformManager:Display: Building Assets For Windows
[2014.10.12-22.15.55:964][  0]LogTargetPlatformManager:Display: Building Assets For Windows
[2014.10.12-22.15.56:006][  0]LogDerivedDataCache:Display: Max Cache Size: 512 MB
[2014.10.12-22.15.56:053][  0]LogDerivedDataCache: Loaded boot cache 0.05s 39MB C:/Users/Johannes/AppData/Local/UnrealEngine/4.4/DerivedDataCache/Boot.ddc.
[2014.10.12-22.15.56:053][  0]LogDerivedDataCache:Display: Loaded Boot cache: C:/Users/Johannes/AppData/Local/UnrealEngine/4.4/DerivedDataCache/Boot.ddc
[2014.10.12-22.15.56:053][  0]LogDerivedDataCache: FDerivedDataBackendGraph:  Pak pak cache file ../../../../../../Users/Johannes/Documents/Unreal Projects/BtoomUnreal/DerivedDataCache/DDC.ddp not found, will not use a pak cache.
[2014.10.12-22.15.56:053][  0]LogDerivedDataCache: Unable to find inner node Pak for hierarchical cache Hierarchy.
[2014.10.12-22.15.56:071][  0]LogDerivedDataCache:Display: Pak cache opened for reading ../../../Engine/DerivedDataCache/DDC.ddp.
[2014.10.12-22.15.56:088][  0]LogDerivedDataCache: Using Local data cache path C:/Users/Johannes/AppData/Local/UnrealEngine/4.4/DerivedDataCache: Writable
[2014.10.12-22.15.56:270][  0]LogMeshUtilities: No automatic mesh reduction module available
[2014.10.12-22.15.56:270][  0]LogMeshUtilities: No automatic mesh merging module available
[2014.10.12-22.15.56:669][  0]LogInit: WinSock: version 1.1 (2.2), MaxSocks=32767, MaxUdp=65467
[2014.10.12-22.15.57:556][  0]LogStats:Warning: MetaData mismatch. Did you assign a stat to two groups? New //STATGROUP_Threads//FMonitoredProcess///Thread_2018_0///////STATCAT_Advanced//// old //STATGROUP_Threads//FMonitoredProcess///Thread_4290_0///////STATCAT_Advanced////
[2014.10.12-22.15.57:556][  0]UdpMessaging: Initializing bridge on interface 0.0.0.0:0 to multicast group 230.0.0.1:6666.
[2014.10.12-22.15.57:706][  0]LogSourceControl: RunCommandInternalRaw: 'git version'
[2014.10.12-22.15.57:713][  0]SourceControl: Info Source control is disabled
[2014.10.12-22.15.57:713][  0]SourceControl: Info Source control is disabled
[2014.10.12-22.15.57:713][  0]SourceControl: Info Source control is disabled
[2014.10.12-22.15.57:721][  0]SourceControl: Info Source control is disabled
[2014.10.12-22.15.57:901][  0]BlueprintLog: New page: Editor Load
[2014.10.12-22.15.58:008][  0]LogObj: 21438 objects as part of root set at end of initial load.
[2014.10.12-22.15.58:008][  0]LogUObjectAllocator: 4218648 out of 0 bytes used by permanent object pool.
[2014.10.12-22.15.58:181][  0]LogEngine: Initializing Engine...
[2014.10.12-22.15.58:283][  0]LogInit: XAudio2 using 'Speakers (Realtek High Definition Audio)' : 2 channels at 48 kHz using 32 bits per sample (channel mask 0x3)
[2014.10.12-22.15.58:306][  0]LogInit: FAudioDevice initialized.
[2014.10.12-22.15.58:324][  0]LogAIModule: Creating AISystem for world NewWorld
[2014.10.12-22.15.58:348][  0]LogDerivedDataCache: Saved boot cache 0.02s 39MB C:/Users/Johannes/AppData/Local/UnrealEngine/4.4/DerivedDataCache/Boot.ddc.
[2014.10.12-22.15.58:353][  0]LogInit: Texture streaming: Enabled
[2014.10.12-22.15.58:387][  0]LogInit: Transaction tracking system initialized
[2014.10.12-22.15.58:501][  0]LogAssetRegistry: FAssetRegistry took 0.0110 seconds to start up
[2014.10.12-22.15.58:997][  0]LogTargetPlatformManager:Display: Building Assets For Windows
[2014.10.12-22.15.59:370][  0]LogTargetPlatformManager:Display: Building Assets For Windows
[2014.10.12-22.15.59:504][  0]LogConsoleResponse:Display: 
[2014.10.12-22.15.59:680][  0]LogStats:Warning: MetaData mismatch. Did you assign a stat to two groups? New //STATGROUP_Threads//FMonitoredProcess///Thread_2348_0///////STATCAT_Advanced//// old //STATGROUP_Threads//FMonitoredProcess///Thread_4290_0///////STATCAT_Advanced////
[2014.10.12-22.15.59:680][  0]LogStats:Warning: MetaData mismatch. Did you assign a stat to two groups? New //STATGROUP_Threads//FMonitoredProcess///Thread_38b8_0///////STATCAT_Advanced//// old //STATGROUP_Threads//FMonitoredProcess///Thread_4290_0///////STATCAT_Advanced////
[2014.10.12-22.15.59:680][  0]SourceControl: Info Source control is disabled
[2014.10.12-22.16.10:731][  0]Cmd: MAP LOAD FILE="../../../Engine/Content/Maps/Templates/Template_Default.umap" TEMPLATE=1 SHOWPROGRESS=1
[2014.10.12-22.16.10:732][  0]LightingResults: New page: Lighting Build
[2014.10.12-22.16.10:747][  0]MapCheck: New page: Map Check
[2014.10.12-22.16.10:747][  0]LightingResults: New page: Lighting Build
[2014.10.12-22.16.10:761][  0]LogParticles: Destroying 0 GPU particle simulations for FXSystem 0x000000A48BAF9300
[2014.10.12-22.16.10:925][  0]LogEditorServer: Finished looking for orphan Actors (0.000 secs)
[2014.10.12-22.16.10:925][  0]LogAIModule: Creating AISystem for world Template_Default
[2014.10.12-22.16.10:925][  0]Cmd: MAP CHECKDEP
[2014.10.12-22.16.10:926][  0]MapCheck: New page: Untitled_1 - Oct 13, 2014, 2:16:10 AM
[2014.10.12-22.16.11:032][  0]MapCheck: Info ========== Map Check: 0 Error(s), 0 Warning(s), [106.354ms] ==========
[2014.10.12-22.16.11:032][  0]LogFileHelpers: Loading map 'Template_Default' took 0.301
[2014.10.12-22.16.11:097][  0]LogStats:Warning: MetaData mismatch. Did you assign a stat to two groups? New //STATGROUP_Threads//SplashScreenThread///Thread_6f8_0///////STATCAT_Advanced//// old //STATGROUP_Threads//SplashScreenThread///Thread_3104_0///////STATCAT_Advanced////
[2014.10.12-22.16.11:098][  0]LogCollectionManager: Loaded 0 collections in 0.002916 seconds
[2014.10.12-22.16.11:179][  0]LogCrashTracker: Crashtracker disabled due to settings.
[2014.10.12-22.16.11:242][  0]LogLoad: Full Startup: 18.53 seconds (BP compile: 0.06 seconds)
[2014.10.12-22.16.11:414][  0]LogRenderer:Warning: Reallocating scene render targets to support 912x688.
[2014.10.12-22.16.11:790][  1]LogAssetRegistry: Asset discovery search completed in 13.2998 seconds
[2014.10.12-22.16.13:810][119]LogLinker:Warning: Asset '../../../../../../Users/Johannes/Documents/Unreal Projects/BtoomUnreal/Content/Blueprints/Blueprint_Effect_Explosion.uasset' has been saved with empty engine version. The asset will be loaded but may be incompatible.
[2014.10.12-22.16.13:828][119]LogLinker:Warning: Can't find file '/Game/Textures/T_Burst_M'
[2014.10.12-22.16.13:828][119]LogLinker:Warning: Can't find file for asset '/Game/Textures/T_Burst_M' while loading ../../../../../../Users/Johannes/Documents/Unreal Projects/BtoomUnreal/Content/Particles/Materials/M_Burst.uasset.
[2014.10.12-22.16.13:828][119]LoadErrors:Error: Error /Game/Particles/Materials/M_Burst : Can't find file for asset. /Game/Textures/T_Burst_M
[2014.10.12-22.16.13:828][119]LogLinker:Warning: Can't find file '/Game/Textures/T_Burst_M'
[2014.10.12-22.16.13:828][119]LogLinker:Warning: Can't find file for asset '/Game/Textures/T_Burst_M' while loading ../../../../../../Users/Johannes/Documents/Unreal Projects/BtoomUnreal/Content/Particles/Materials/M_Burst.uasset.
[2014.10.12-22.16.13:829][119]LogLinker:Warning: Can't find file '/Game/Textures/T_Explosion_SubUV'
[2014.10.12-22.16.13:829][119]LogLinker:Warning: Can't find file for asset '/Game/Textures/T_Explosion_SubUV' while loading ../../../../../../Users/Johannes/Documents/Unreal Projects/BtoomUnreal/Content/Particles/Materials/M_explosion_subUV.uasset.
[2014.10.12-22.16.13:830][119]LoadErrors:Error: Error /Game/Particles/Materials/M_explosion_subUV : Can't find file for asset. /Game/Textures/T_Explosion_SubUV
[2014.10.12-22.16.13:830][119]LogLinker:Warning: Can't find file '/Game/Textures/T_Explosion_SubUV'
[2014.10.12-22.16.13:830][119]LogLinker:Warning: Can't find file for asset '/Game/Textures/T_Explosion_SubUV' while loading ../../../../../../Users/Johannes/Documents/Unreal Projects/BtoomUnreal/Content/Particles/Materials/M_explosion_subUV.uasset.
[2014.10.12-22.16.13:833][119]LogLinker:Warning: Can't find file '/Game/Textures/T_Smoke_SubUV'
[2014.10.12-22.16.13:833][119]LogLinker:Warning: Can't find file for asset '/Game/Textures/T_Smoke_SubUV' while loading ../../../../../../Users/Johannes/Documents/Unreal Projects/BtoomUnreal/Content/Particles/Materials/M_smoke_subUV.uasset.
[2014.10.12-22.16.13:834][119]LoadErrors:Error: Error /Game/Particles/Materials/M_smoke_subUV : Can't find file for asset. /Game/Textures/T_Smoke_SubUV
[2014.10.12-22.16.13:834][119]LogLinker:Warning: Can't find file '/Game/Textures/T_Smoke_Tiled_D'
[2014.10.12-22.16.13:834][119]LogLinker:Warning: Can't find file for asset '/Game/Textures/T_Smoke_Tiled_D' while loading ../../../../../../Users/Johannes/Documents/Unreal Projects/BtoomUnreal/Content/Particles/Materials/M_smoke_subUV.uasset.
[2014.10.12-22.16.13:834][119]LoadErrors:Error: Error /Game/Particles/Materials/M_smoke_subUV : Can't find file for asset. /Game/Textures/T_Smoke_Tiled_D
[2014.10.12-22.16.13:834][119]LogLinker:Warning: Can't find file '/Game/Textures/T_Smoke_SubUV'
[2014.10.12-22.16.13:834][119]LogLinker:Warning: Can't find file for asset '/Game/Textures/T_Smoke_SubUV' while loading ../../../../../../Users/Johannes/Documents/Unreal Projects/BtoomUnreal/Content/Particles/Materials/M_smoke_subUV.uasset.
[2014.10.12-22.16.13:834][119]LogLinker:Warning: Can't find file '/Game/Textures/T_Smoke_Tiled_D'
[2014.10.12-22.16.13:834][119]LogLinker:Warning: Can't find file for asset '/Game/Textures/T_Smoke_Tiled_D' while loading ../../../../../../Users/Johannes/Documents/Unreal Projects/BtoomUnreal/Content/Particles/Materials/M_smoke_subUV.uasset.
[2014.10.12-22.16.13:883][119]LogLinker:Warning: Can't find file '/Game/Textures/T_Burst_M'
[2014.10.12-22.16.13:883][119]LoadErrors: Info Failed to load /Game/Textures/T_Burst_M.T_Burst_M Referenced by MaterialExpressionTextureSample_0 Property /Script/Engine.MaterialExpressionTextureBase:Texture
[2014.10.12-22.16.13:883][119]LogLinker:Warning: Can't find file for asset '/Game/Textures/T_Burst_M' while loading NULL.
[2014.10.12-22.16.13:883][119]LogLinker:Warning: Can't find file '/Game/Textures/T_Explosion_SubUV'
[2014.10.12-22.16.13:883][119]LoadErrors: Info Failed to load /Game/Textures/T_Explosion_SubUV.T_Explosion_SubUV Referenced by MaterialExpressionParticleSubUV_0 Property /Script/Engine.MaterialExpressionTextureBase:Texture
[2014.10.12-22.16.13:884][119]LogLinker:Warning: Can't find file for asset '/Game/Textures/T_Explosion_SubUV' while loading NULL.
[2014.10.12-22.16.13:884][119]LogLinker:Warning: Can't find file '/Game/Textures/T_Smoke_SubUV'
[2014.10.12-22.16.13:884][119]LoadErrors: Info Failed to load /Game/Textures/T_Smoke_SubUV.T_Smoke_SubUV Referenced by MaterialExpressionParticleSubUV_0 Property /Script/Engine.MaterialExpressionTextureBase:Texture
[2014.10.12-22.16.13:884][119]LogLinker:Warning: Can't find file for asset '/Game/Textures/T_Smoke_SubUV' while loading NULL.
[2014.10.12-22.16.13:885][119]LogLinker:Warning: Can't find file '/Game/Textures/T_Smoke_Tiled_D'
[2014.10.12-22.16.13:885][119]LoadErrors: Info Failed to load /Game/Textures/T_Smoke_Tiled_D.T_Smoke_Tiled_D Referenced by MaterialExpressionTextureSample_0 Property /Script/Engine.MaterialExpressionTextureBase:Texture
[2014.10.12-22.16.13:885][119]LogLinker:Warning: Can't find file for asset '/Game/Textures/T_Smoke_Tiled_D' while loading NULL.
[2014.10.12-22.16.13:890][119]LogMaterial: Missing cached shader map for material M_Burst, compiling.
[2014.10.12-22.16.13:891][119]LogMaterial:Warning: Failed to compile Material /Game/Particles/Materials/M_Burst.M_Burst for platform PCD3D_SM5, Default Material will be used in game.
[2014.10.12-22.16.13:891][119]LogMaterial:Warning: 	(Node TextureSample) TextureSample> Missing input texture
[2014.10.12-22.16.13:891][119]LogMaterial: Missing cached shader map for material M_explosion_subUV, compiling.
[2014.10.12-22.16.13:892][119]LogMaterial:Warning: Failed to compile Material /Game/Particles/Materials/M_explosion_subUV.M_explosion_subUV for platform PCD3D_SM5, Default Material will be used in game.
[2014.10.12-22.16.13:892][119]LogMaterial:Warning: 	(Node ParticleSubUV) Missing ParticleSubUV input texture
[2014.10.12-22.16.13:895][119]LogMaterial: Missing cached shader map for material M_smoke_subUV, compiling.
[2014.10.12-22.16.13:895][119]LogMaterial:Warning: Failed to compile Material /Game/Particles/Materials/M_smoke_subUV.M_smoke_subUV for platform PCD3D_SM5, Default Material will be used in game.
[2014.10.12-22.16.13:895][119]LogMaterial:Warning: 	(Node TextureSample) TextureSample> Missing input texture
[2014.10.12-22.16.13:895][119]LogMaterial:Warning: 	(Node ParticleSubUV) Missing ParticleSubUV input texture
[2014.10.12-22.16.30:238][899]Cmd: OBJ SAVEPACKAGE PACKAGE="/Game/Blueprints/MyCharacter" FILE="../../../../../../Users/Johannes/Documents/Unreal Projects/BtoomUnreal/Content/Blueprints/MyCharacter.uasset" SILENT=true
[2014.10.12-22.16.30:670][899]LogSavePackage: Save=414.863861ms
[2014.10.12-22.16.30:670][899]LogSavePackage: Moving '../../../../../../Users/Johannes/Documents/Unreal Projects/BtoomUnreal/Saved/MyCharacter6E68746945D25D81D279F48104E574CB.tmp' to '../../../../../../Users/Johannes/Documents/Unreal Projects/BtoomUnreal/Content/Blueprints/MyCharacter.uasset'
[2014.10.12-22.16.33:074][ 41]LogPlayLevel: PIE:  No blueprints needed recompiling
[2014.10.12-22.16.33:074][ 41]PIE: New page: PIE session: Untitled_1 (Oct 13, 2014, 2:16:33 AM)
[2014.10.12-22.16.33:077][ 41]LogPlayLevel: PIE: StaticDuplicateObject took: (0.002295s)
[2014.10.12-22.16.33:077][ 41]LogPlayLevel: PIE: World Init took: (0.000631s)
[2014.10.12-22.16.33:077][ 41]LogPlayLevel: PIE: Created PIE world by copying editor world from /Temp/Untitled_1.Template_Default to /Temp/UEDPIE_0_Untitled_1.Template_Default (0.003186s)
[2014.10.12-22.16.33:121][ 41]LogWorld: Game class is 'GameMode'
[2014.10.12-22.16.33:122][ 41]LogAIModule: Creating AISystem for world Template_Default
[2014.10.12-22.16.33:123][ 41]LogWorld: Bringing World /Temp/UEDPIE_0_Untitled_1.Template_Default up for play (max tick rate 60) at 2014.10.13-00.16.33
[2014.10.12-22.16.33:123][ 41]LogWorld: Bringing up level for play took: 0.000955
[2014.10.12-22.16.33:124][ 41]PIE: Info Play in editor start time for /Temp/UEDPIE_0_Untitled_1 -0.063
[2014.10.12-22.16.35:735][188]LogActorComponent: UnregisterComponent: (/Engine/Transient.CharacterMovementComponent_0) Not registered. Aborting.
[2014.10.12-22.16.35:774][188]LogParticles: Destroying 0 GPU particle simulations for FXSystem 0x000000A4905628E0
[2014.10.12-22.16.35:776][188]LogParticles: Destroying 0 GPU particle simulations for FXSystem 0x000000A495A67560
[2014.10.12-22.16.35:777][188]LogParticles: Destroying 0 GPU particle simulations for FXSystem 0x000000A490535DA0
[2014.10.12-22.17.08:386][ 97]LogSlate:Warning: Prevented a slow task dialog from being summoned while a context menu was open
[2014.10.12-22.17.09:869][170]LogSlate:Warning: Prevented a slow task dialog from being summoned while a context menu was open
[2014.10.12-22.17.09:877][170]LogLinker:Warning: Can't find file '/Game/Textures/crosshair'
[2014.10.12-22.17.09:877][170]LogLinker:Warning: Can't find file for asset '/Game/Textures/crosshair' while loading ../../../../../../Users/Johannes/Documents/Unreal Projects/BtoomUnreal/Content/Blueprints/MyHUD.uasset.
[2014.10.12-22.17.09:877][170]LoadErrors:Error: Error /Game/Blueprints/MyHUD : Can't find file for asset. /Game/Textures/crosshair
[2014.10.12-22.17.09:877][170]LogLinker:Warning: Can't find file '/Game/Textures/crosshair'
[2014.10.12-22.17.09:878][170]LogLinker:Warning: Can't find file for asset '/Game/Textures/crosshair' while loading ../../../../../../Users/Johannes/Documents/Unreal Projects/BtoomUnreal/Content/Blueprints/MyHUD.uasset.
[2014.10.12-22.17.09:880][170]LogLinker:Warning: Can't find file '/Game/Textures/crosshair'
[2014.10.12-22.17.09:880][170]LoadErrors: Info Failed to load /Game/Textures/crosshair.crosshair Referenced by EdGraphPin_3965 Property /Script/Engine.EdGraphPin:DefaultObject
[2014.10.12-22.17.09:880][170]LogLinker:Warning: Can't find file for asset '/Game/Textures/crosshair' while loading ../../../../../../Users/Johannes/Documents/Unreal Projects/BtoomUnreal/Content/Blueprints/MyGame.uasset.
[2014.10.12-22.17.09:880][170]LoadErrors:Error: Error /Game/Blueprints/MyGame : Can't find file for asset. /Game/Textures/crosshair
[2014.10.12-22.17.09:899][170]BlueprintLog:Warning: Warning Blueprint MyHUD has been migrated and requires re-saving to avoid import errors
[2014.10.12-22.17.09:899][170]BlueprintLog:Warning: Warning Blueprint MyGame has been migrated and requires re-saving to avoid import errors
[2014.10.12-22.17.09:913][171]Cmd: UpdateLandscapeSetup
[2014.10.12-22.17.11:789][272]LogPlayLevel: PIE:  No blueprints needed recompiling
[2014.10.12-22.17.11:789][272]PIE: New page: PIE session: Untitled_1 (Oct 13, 2014, 2:17:11 AM)
[2014.10.12-22.17.11:791][272]LogPlayLevel: PIE: StaticDuplicateObject took: (0.001955s)
[2014.10.12-22.17.11:793][272]LogPlayLevel: PIE: World Init took: (0.001282s)
[2014.10.12-22.17.11:793][272]LogPlayLevel: PIE: Created PIE world by copying editor world from /Temp/Untitled_1.Template_Default to /Temp/UEDPIE_0_Untitled_1.Template_Default (0.003629s)
[2014.10.12-22.17.11:827][272]LogWorld: Game class is 'MyGame_C'
[2014.10.12-22.17.11:828][272]LogAIModule: Creating AISystem for world Template_Default
[2014.10.12-22.17.11:829][272]LogWorld: Bringing World /Temp/UEDPIE_0_Untitled_1.Template_Default up for play (max tick rate 60) at 2014.10.13-00.17.11
[2014.10.12-22.17.11:829][272]LogWorld: Bringing up level for play took: 0.000999
[2014.10.12-22.17.11:831][272]PIE: Info Play in editor start time for /Temp/UEDPIE_0_Untitled_1 0.643
[2014.10.12-22.17.17:548][592]LogParticles: Destroying 0 GPU particle simulations for FXSystem 0x000000A48D97AFC0
[2014.10.12-22.17.19:642][714]LogPlayLevel: PIE:  No blueprints needed recompiling
[2014.10.12-22.17.19:642][714]PIE: New page: PIE session: Untitled_1 (Oct 13, 2014, 2:17:19 AM)
[2014.10.12-22.17.19:644][714]LogPlayLevel: PIE: StaticDuplicateObject took: (0.002336s)
[2014.10.12-22.17.19:645][714]LogPlayLevel: PIE: World Init took: (0.000552s)
[2014.10.12-22.17.19:645][714]LogPlayLevel: PIE: Created PIE world by copying editor world from /Temp/Untitled_1.Template_Default to /Temp/UEDPIE_0_Untitled_1.Template_Default (0.003047s)
[2014.10.12-22.17.19:674][714]LogWorld: Game class is 'MyGame_C'
[2014.10.12-22.17.19:675][714]LogAIModule: Creating AISystem for world Template_Default
[2014.10.12-22.17.19:676][714]LogWorld: Bringing World /Temp/UEDPIE_0_Untitled_1.Template_Default up for play (max tick rate 60) at 2014.10.13-00.17.19
[2014.10.12-22.17.19:676][714]LogWorld: Bringing up level for play took: 0.000894
[2014.10.12-22.17.19:678][714]PIE: Info Play in editor start time for /Temp/UEDPIE_0_Untitled_1 0.49
[2014.10.12-22.17.24:687][  5]LogParticles: Destroying 0 GPU particle simulations for FXSystem 0x000000A487B04CC0
[2014.10.12-22.17.25:585][ 57]LogEditorViewport: Clicking on Actor (LMB): StaticMeshActor (SM_Template_Map_Floor)
[2014.10.12-22.17.32:844][490]LogPlayLevel: PIE:  No blueprints needed recompiling
[2014.10.12-22.17.32:845][490]PIE: New page: PIE session: Untitled_1 (Oct 13, 2014, 2:17:32 AM)
[2014.10.12-22.17.32:846][490]LogPlayLevel: PIE: StaticDuplicateObject took: (0.001360s)
[2014.10.12-22.17.32:847][490]LogPlayLevel: PIE: World Init took: (0.000946s)
[2014.10.12-22.17.32:847][490]LogPlayLevel: PIE: Created PIE world by copying editor world from /Temp/Untitled_1.Template_Default to /Temp/UEDPIE_0_Untitled_1.Template_Default (0.002510s)
[2014.10.12-22.17.32:875][490]LogWorld: Game class is 'MyGame_C'
[2014.10.12-22.17.32:877][490]LogAIModule: Creating AISystem for world Template_Default
[2014.10.12-22.17.32:878][490]LogWorld: Bringing World /Temp/UEDPIE_0_Untitled_1.Template_Default up for play (max tick rate 60) at 2014.10.13-00.17.32
[2014.10.12-22.17.32:878][490]LogWorld: Bringing up level for play took: 0.001035
[2014.10.12-22.17.32:896][490]PIE: Info Play in editor start time for /Temp/UEDPIE_0_Untitled_1 -0.292
[2014.10.12-22.17.38:741][829]LogParticles: Destroying 0 GPU particle simulations for FXSystem 0x000000A48532CF40
[2014.10.12-22.17.48:730][421]LogContentBrowser:Verbose: The content browser source was changed by the sources view to '/Game/Blueprints'
[2014.10.12-22.17.50:686][512]LogLinker:Warning: Asset '../../../../../../Users/Johannes/Documents/Unreal Projects/BtoomUnreal/Content/Blueprints/Blueprint_Effect_Fire.uasset' has been saved with empty engine version. The asset will be loaded but may be incompatible.
[2014.10.12-22.17.50:813][512]LogLinker:Warning: Can't find file '/Game/Textures/T_Fire_SubUV'
[2014.10.12-22.17.50:813][512]LogLinker:Warning: Can't find file for asset '/Game/Textures/T_Fire_SubUV' while loading ../../../../../../Users/Johannes/Documents/Unreal Projects/BtoomUnreal/Content/Particles/Materials/M_Fire_SubUV.uasset.
[2014.10.12-22.17.50:814][512]LoadErrors:Error: Error /Game/Particles/Materials/M_Fire_SubUV : Can't find file for asset. /Game/Textures/T_Fire_SubUV
[2014.10.12-22.17.50:814][512]LogLinker:Warning: Can't find file '/Game/Textures/T_Fire_Tiled_D'
[2014.10.12-22.17.50:814][512]LogLinker:Warning: Can't find file for asset '/Game/Textures/T_Fire_Tiled_D' while loading ../../../../../../Users/Johannes/Documents/Unreal Projects/BtoomUnreal/Content/Particles/Materials/M_Fire_SubUV.uasset.
[2014.10.12-22.17.50:815][512]LoadErrors:Error: Error /Game/Particles/Materials/M_Fire_SubUV : Can't find file for asset. /Game/Textures/T_Fire_Tiled_D
[2014.10.12-22.17.50:815][512]LogLinker:Warning: Can't find file '/Game/Textures/T_Fire_SubUV'
[2014.10.12-22.17.50:815][512]LogLinker:Warning: Can't find file for asset '/Game/Textures/T_Fire_SubUV' while loading ../../../../../../Users/Johannes/Documents/Unreal Projects/BtoomUnreal/Content/Particles/Materials/M_Fire_SubUV.uasset.
[2014.10.12-22.17.50:816][512]LogLinker:Warning: Can't find file '/Game/Textures/T_Fire_Tiled_D'
[2014.10.12-22.17.50:816][512]LogLinker:Warning: Can't find file for asset '/Game/Textures/T_Fire_Tiled_D' while loading ../../../../../../Users/Johannes/Documents/Unreal Projects/BtoomUnreal/Content/Particles/Materials/M_Fire_SubUV.uasset.
[2014.10.12-22.17.50:821][512]LogLinker:Warning: Can't find file '/Game/Textures/T_Water_N'
[2014.10.12-22.17.50:821][512]LogLinker:Warning: Can't find file for asset '/Game/Textures/T_Water_N' while loading ../../../../../../Users/Johannes/Documents/Unreal Projects/BtoomUnreal/Content/Particles/Materials/M_Heat_Distortion.uasset.
[2014.10.12-22.17.50:821][512]LoadErrors:Error: Error /Game/Particles/Materials/M_Heat_Distortion : Can't find file for asset. /Game/Textures/T_Water_N
[2014.10.12-22.17.50:822][512]LogLinker:Warning: Can't find file '/Game/Textures/T_Water_N'
[2014.10.12-22.17.50:822][512]LogLinker:Warning: Can't find file for asset '/Game/Textures/T_Water_N' while loading ../../../../../../Users/Johannes/Documents/Unreal Projects/BtoomUnreal/Content/Particles/Materials/M_Heat_Distortion.uasset.
[2014.10.12-22.17.50:847][512]LogLinker:Warning: Can't find file '/Game/Textures/T_Fire_SubUV'
[2014.10.12-22.17.50:848][512]LoadErrors: Info Failed to load /Game/Textures/T_Fire_SubUV.T_Fire_SubUV Referenced by MaterialExpressionParticleSubUV_0 Property /Script/Engine.MaterialExpressionTextureBase:Texture
[2014.10.12-22.17.50:848][512]LogLinker:Warning: Can't find file for asset '/Game/Textures/T_Fire_SubUV' while loading NULL.
[2014.10.12-22.17.50:848][512]LogLinker:Warning: Can't find file '/Game/Textures/T_Fire_Tiled_D'
[2014.10.12-22.17.50:848][512]LoadErrors: Info Failed to load /Game/Textures/T_Fire_Tiled_D.T_Fire_Tiled_D Referenced by MaterialExpressionTextureSample_1 Property /Script/Engine.MaterialExpressionTextureBase:Texture
[2014.10.12-22.17.50:849][512]LogLinker:Warning: Can't find file for asset '/Game/Textures/T_Fire_Tiled_D' while loading NULL.
[2014.10.12-22.17.50:849][512]LogLinker:Warning: Can't find file '/Game/Textures/T_Water_N'
[2014.10.12-22.17.50:850][512]LoadErrors: Info Failed to load /Game/Textures/T_Water_N.T_Water_N Referenced by MaterialExpressionTextureSample_1 Property /Script/Engine.MaterialExpressionTextureBase:Texture
[2014.10.12-22.17.50:850][512]LogLinker:Warning: Can't find file for asset '/Game/Textures/T_Water_N' while loading NULL.
[2014.10.12-22.17.50:874][512]LogMaterial: Missing cached shader map for material M_Fire_SubUV, compiling.
[2014.10.12-22.17.50:875][512]LogMaterial:Warning: Failed to compile Material /Game/Particles/Materials/M_Fire_SubUV.M_Fire_SubUV for platform PCD3D_SM5, Default Material will be used in game.
[2014.10.12-22.17.50:875][512]LogMaterial:Warning: 	(Node TextureSample) TextureSample> Missing input texture
[2014.10.12-22.17.50:875][512]LogMaterial:Warning: 	(Node ParticleSubUV) Missing ParticleSubUV input texture
[2014.10.12-22.17.50:875][512]LogMaterial: Missing cached shader map for material M_Heat_Distortion, compiling.
[2014.10.12-22.17.50:876][512]LogMaterial:Warning: Failed to compile Material /Game/Particles/Materials/M_Heat_Distortion.M_Heat_Distortion for platform PCD3D_SM5, Default Material will be used in game.
[2014.10.12-22.17.50:876][512]LogMaterial:Warning: 	(Node TextureSample) TextureSample> Missing input texture
[2014.10.12-22.17.54:850][742]LogPlayLevel: PIE:  No blueprints needed recompiling
[2014.10.12-22.17.54:850][742]PIE: New page: PIE session: Untitled_1 (Oct 13, 2014, 2:17:54 AM)
[2014.10.12-22.17.54:855][742]LogPlayLevel: PIE: StaticDuplicateObject took: (0.004528s)
[2014.10.12-22.17.54:855][742]LogPlayLevel: PIE: World Init took: (0.000719s)
[2014.10.12-22.17.54:856][742]LogPlayLevel: PIE: Created PIE world by copying editor world from /Temp/Untitled_1.Template_Default to /Temp/UEDPIE_0_Untitled_1.Template_Default (0.005501s)
[2014.10.12-22.17.54:886][742]LogWorld: Game class is 'MyGame_C'
[2014.10.12-22.17.54:887][742]LogAIModule: Creating AISystem for world Template_Default
[2014.10.12-22.17.54:888][742]LogWorld: Bringing World /Temp/UEDPIE_0_Untitled_1.Template_Default up for play (max tick rate 60) at 2014.10.13-00.17.54
[2014.10.12-22.17.54:888][742]LogWorld: Bringing up level for play took: 0.001108
[2014.10.12-22.17.54:890][742]PIE: Info Play in editor start time for /Temp/UEDPIE_0_Untitled_1 -0.298
[2014.10.12-22.18.00:959][ 97]LogActorComponent: UnregisterComponent: (/Engine/Transient.CharacterMovementComponent_1) Not registered. Aborting.
[2014.10.12-22.18.00:959][ 97]LogActorComponent: UnregisterComponent: (/Engine/Transient.ProjectileMovementComponent_0) Not registered. Aborting.
[2014.10.12-22.18.01:000][ 97]LogParticles: Destroying 0 GPU particle simulations for FXSystem 0x000000A48800C360
[2014.10.12-22.18.12:178][754]LogPlayLevel: PIE:  No blueprints needed recompiling
[2014.10.12-22.18.12:179][754]PIE: New page: PIE session: Untitled_1 (Oct 13, 2014, 2:18:12 AM)
[2014.10.12-22.18.12:181][754]LogPlayLevel: PIE: StaticDuplicateObject took: (0.002593s)
[2014.10.12-22.18.12:182][754]LogPlayLevel: PIE: World Init took: (0.001042s)
[2014.10.12-22.18.12:182][754]LogPlayLevel: PIE: Created PIE world by copying editor world from /Temp/Untitled_1.Template_Default to /Temp/UEDPIE_0_Untitled_1.Template_Default (0.003836s)
[2014.10.12-22.18.12:216][754]LogWorld: Game class is 'MyGame_C'
[2014.10.12-22.18.12:217][754]LogAIModule: Creating AISystem for world Template_Default
[2014.10.12-22.18.12:218][754]LogWorld: Bringing World /Temp/UEDPIE_0_Untitled_1.Template_Default up for play (max tick rate 60) at 2014.10.13-00.18.12
[2014.10.12-22.18.12:218][754]LogWorld: Bringing up level for play took: 0.001049
[2014.10.12-22.18.12:219][754]PIE: Info Play in editor start time for /Temp/UEDPIE_0_Untitled_1 1.032
[2014.10.12-22.18.30:181][823]LogParticles: Destroying 0 GPU particle simulations for FXSystem 0x000000A48803A700
[2014.10.12-22.18.53:942][165]LogContentBrowser:Verbose: The content browser source was changed by the sources view to '/Game/Shapes'
[2014.10.12-22.18.54:456][167]LogContentBrowser:Verbose: The content browser source was changed by the sources view to '/Game/Textures'
[2014.10.12-22.19.06:958][855]LogContentBrowser:Verbose: The content browser source was changed by the sources view to '/Game/Blueprints'
[2014.10.12-22.19.10:895][ 87]LogPlayLevel: PIE:  No blueprints needed recompiling
[2014.10.12-22.19.10:895][ 87]PIE: New page: PIE session: Untitled_1 (Oct 13, 2014, 2:19:10 AM)
[2014.10.12-22.19.10:898][ 87]LogPlayLevel: PIE: StaticDuplicateObject took: (0.002049s)
[2014.10.12-22.19.10:899][ 87]LogPlayLevel: PIE: World Init took: (0.001193s)
[2014.10.12-22.19.10:899][ 87]LogPlayLevel: PIE: Created PIE world by copying editor world from /Temp/Untitled_1.Template_Default to /Temp/UEDPIE_0_Untitled_1.Template_Default (0.003493s)
[2014.10.12-22.19.10:932][ 87]LogWorld: Game class is 'MyGame_C'
[2014.10.12-22.19.10:934][ 87]LogAIModule: Creating AISystem for world Template_Default
[2014.10.12-22.19.10:935][ 87]LogWorld: Bringing World /Temp/UEDPIE_0_Untitled_1.Template_Default up for play (max tick rate 60) at 2014.10.13-00.19.10
[2014.10.12-22.19.10:935][ 87]LogWorld: Bringing up level for play took: 0.001144
[2014.10.12-22.19.10:937][ 87]PIE: Info Play in editor start time for /Temp/UEDPIE_0_Untitled_1 -0.251
[2014.10.12-22.19.15:694][364]LogActorComponent: UnregisterComponent: (/Engine/Transient.ProjectileMovementComponent_1) Not registered. Aborting.
[2014.10.12-22.19.15:694][364]LogActorComponent: UnregisterComponent: (/Engine/Transient.CharacterMovementComponent_2) Not registered. Aborting.
[2014.10.12-22.19.15:712][364]LogParticles: Destroying 0 GPU particle simulations for FXSystem 0x000000A490536D40
[2014.10.12-22.19.30:775][258]Cmd: DELETE
[2014.10.12-22.19.30:775][258]Cmd: ACTOR DELETE
[2014.10.12-22.19.30:785][258]LogEditorActor: Deleted Actor: Blueprint_Effect_Fire_C
[2014.10.12-22.19.30:785][258]LogActorComponent: UnregisterComponent: (/Engine/Transient.CharacterMovementComponent_3) Not registered. Aborting.
[2014.10.12-22.19.30:806][258]LogEditorActor: Deleted 1 Actors (0.021 secs)
[2014.10.12-22.19.33:088][395]LogEditorViewport: Clicking on Actor (LMB): Blueprint_Effect_Fire_C (Blueprint_Effect_Fire)
[2014.10.12-22.19.34:141][458]Cmd: DELETE
[2014.10.12-22.19.34:141][458]Cmd: ACTOR DELETE
[2014.10.12-22.19.34:141][458]LogEditorActor: Deleted Actor: Blueprint_Effect_Fire_C
[2014.10.12-22.19.34:159][458]LogEditorActor: Deleted 1 Actors (0.018 secs)
[2014.10.12-22.19.39:847][767]LogRenderer:Warning: Reallocating scene render targets to support 1296x688.
[2014.10.12-22.19.46:452][129]LogLinker:Warning: Asset '../../../Engine/Content/EditorMaterials/Cascade/CASC_Lights.uasset' has been saved with empty engine version. The asset will be loaded but may be incompatible.
[2014.10.12-22.22.17:388][824]LogContentBrowser:Verbose: The content browser source was changed by the sources view to '/Game/Materials'
[2014.10.12-22.22.30:577][563]LogContentBrowser:Verbose: The content browser source was changed by the sources view to '/Game/Meshes'
[2014.10.12-22.22.33:720][751]LogContentBrowser:Verbose: The content browser source was changed by the sources view to '/Game/Particles'
[2014.10.12-22.22.56:766][ 59]LogCascade: Quitting Cascade. FXSystem=0x000000A4989BFF60
[2014.10.12-22.22.57:968][124]LogCascade: Quitting Cascade. FXSystem=0x000000A498662F20
[2014.10.12-22.23.36:011][241]LogEditorViewport: Clicking on Actor (LMB): Emitter (P_Fire)
[2014.10.12-22.23.37:079][304]Cmd: DELETE
[2014.10.12-22.23.37:079][304]Cmd: ACTOR DELETE
[2014.10.12-22.23.37:079][304]LogEditorActor: Deleted Actor: Emitter
[2014.10.12-22.23.37:080][304]LogActorComponent: UnregisterComponent: (/Engine/Transient.CharacterMovementComponent_4) Not registered. Aborting.
[2014.10.12-22.23.37:110][304]LogParticles: Destroying 0 GPU particle simulations for FXSystem 0x000000A4989BFF60
[2014.10.12-22.23.37:111][304]LogParticles: Destroying 0 GPU particle simulations for FXSystem 0x000000A498662F20
[2014.10.12-22.23.37:115][304]LogEditorActor: Deleted 1 Actors (0.037 secs)
[2014.10.12-22.24.01:673][504]Cmd: OBJ SAVEPACKAGE PACKAGE="/Temp/Untitled_1" FILE="../../../../../../Users/Johannes/Documents/Unreal Projects/BtoomUnreal/Saved/Untitled_1.umap" SILENT=true AUTOSAVING=false KEEPDIRTY=false
[2014.10.12-22.24.01:725][504]LogSavePackage: Save=21.684679ms
[2014.10.12-22.24.01:725][504]LogSavePackage: Moving '../../../../../../Users/Johannes/Documents/Unreal Projects/BtoomUnreal/Saved/Untitled_19B04855B47E8ABDAA125CA9AC05F4811.tmp' to '../../../../../../Users/Johannes/Documents/Unreal Projects/BtoomUnreal/Saved/Untitled_1.umap'
[2014.10.12-22.24.01:877][504]LogFileHelpers: Saving map 'Untitled_1' took 0.338
[2014.10.12-22.24.02:445][505]Cmd: QUIT_EDITOR
[2014.10.12-22.24.02:590][505]LogWindowsTextInputMethodSystem:Error: Terminating failed while unadvising the language notification sink from the TSF source.
[2014.10.12-22.24.02:591][505]LogExit: Preparing to exit.
[2014.10.12-22.24.02:973][505]LogExit: Editor shut down
[2014.10.12-22.24.02:973][505]LogExit: Transaction tracking system shut down
[2014.10.12-22.24.02:973][505]LogParticles: Destroying 0 GPU particle simulations for FXSystem 0x000000A48D0D7EC0
[2014.10.12-22.24.02:974][505]LogParticles: Destroying 0 GPU particle simulations for FXSystem 0x000000A4998FB060
[2014.10.12-22.24.02:974][505]LogParticles: Destroying 0 GPU particle simulations for FXSystem 0x000000A497E14C20
[2014.10.12-22.24.02:974][505]LogParticles: Destroying 0 GPU particle simulations for FXSystem 0x000000A49238B600
[2014.10.12-22.24.02:974][505]LogParticles: Destroying 0 GPU particle simulations for FXSystem 0x000000A495839940
[2014.10.12-22.24.02:998][505]LogExit: Object subsystem successfully closed.
[2014.10.12-22.24.03:038][505]LogModuleManager: Shutting down and abandoning module DistCurveEditor (165)
[2014.10.12-22.24.03:038][505]LogModuleManager: Shutting down and abandoning module Cascade (164)
[2014.10.12-22.24.03:038][505]LogModuleManager: Shutting down and abandoning module ExternalImagePicker (163)
[2014.10.12-22.24.03:038][505]LogModuleManager: Shutting down and abandoning module AndroidDeviceDetection (162)
[2014.10.12-22.24.03:038][505]LogModuleManager: Shutting down and abandoning module HTTP (161)
[2014.10.12-22.24.03:038][505]LogModuleManager: Shutting down and abandoning module CrashTracker (160)
[2014.10.12-22.24.03:038][505]LogModuleManager: Shutting down and abandoning module SuperSearch (159)
[2014.10.12-22.24.03:038][505]LogModuleManager: Shutting down and abandoning module SceneOutliner (158)
[2014.10.12-22.24.03:038][505]LogModuleManager: Shutting down and abandoning module EditorWidgets (157)
[2014.10.12-22.24.03:038][505]LogModuleManager: Shutting down and abandoning module CollectionManager (156)
[2014.10.12-22.24.03:038][505]LogModuleManager: Shutting down and abandoning module StatsViewer (155)
[2014.10.12-22.24.03:038][505]LogModuleManager: Shutting down and abandoning module FoliageEdit (154)
[2014.10.12-22.24.03:038][505]LogModuleManager: Shutting down and abandoning module LandscapeEditor (153)
[2014.10.12-22.24.03:038][505]LogModuleManager: Shutting down and abandoning module MeshPaint (152)
[2014.10.12-22.24.03:038][505]LogModuleManager: Shutting down and abandoning module ActorPickerMode (151)
[2014.10.12-22.24.03:038][505]LogModuleManager: Shutting down and abandoning module GeometryMode (150)
[2014.10.12-22.24.03:038][505]LogModuleManager: Shutting down and abandoning module TextureAlignMode (149)
[2014.10.12-22.24.03:038][505]LogModuleManager: Shutting down and abandoning module BspMode (148)
[2014.10.12-22.24.03:038][505]LogModuleManager: Shutting down and abandoning module PlacementMode (147)
[2014.10.12-22.24.03:038][505]LogModuleManager: Shutting down and abandoning module DesktopPlatform (146)
[2014.10.12-22.24.03:038][505]LogModuleManager: Shutting down and abandoning module AutomationWorker (145)
[2014.10.12-22.24.03:038][505]LogModuleManager: Shutting down and abandoning module EditorLiveStreaming (144)
[2014.10.12-22.24.03:038][505]LogModuleManager: Shutting down and abandoning module BehaviorTreeEditor (143)
[2014.10.12-22.24.03:038][505]LogModuleManager: Shutting down and abandoning module DeviceProfileEditor (142)
[2014.10.12-22.24.03:038][505]LogModuleManager: Shutting down and abandoning module UndoHistory (141)
[2014.10.12-22.24.03:038][505]LogModuleManager: Shutting down and abandoning module GameplayTagsEditor (140)
[2014.10.12-22.24.03:038][505]LogModuleManager: Shutting down and abandoning module UserFeedback (139)
[2014.10.12-22.24.03:038][505]LogModuleManager: Shutting down and abandoning module XmlParser (138)
[2014.10.12-22.24.03:038][505]LogModuleManager: Shutting down and abandoning module Blutility (137)
[2014.10.12-22.24.03:038][505]LogModuleManager: Shutting down and abandoning module IOSPlatformEditor (136)
[2014.10.12-22.24.03:038][505]LogModuleManager: Shutting down and abandoning module IOSRuntimeSettings (135)
[2014.10.12-22.24.03:038][505]LogModuleManager: Shutting down and abandoning module AndroidPlatformEditor (134)
[2014.10.12-22.24.03:038][505]LogModuleManager: Shutting down and abandoning module AndroidRuntimeSettings (133)
[2014.10.12-22.24.03:038][505]LogModuleManager: Shutting down and abandoning module ProjectTargetPlatformEditor (132)
[2014.10.12-22.24.03:038][505]LogModuleManager: Shutting down and abandoning module ProjectSettingsViewer (131)
[2014.10.12-22.24.03:038][505]LogModuleManager: Shutting down and abandoning module InputBindingEditor (130)
[2014.10.12-22.24.03:039][505]LogModuleManager: Shutting down and abandoning module EditorSettingsViewer (129)
[2014.10.12-22.24.03:039][505]LogModuleManager: Shutting down and abandoning module SettingsEditor (128)
[2014.10.12-22.24.03:039][505]LogModuleManager: Shutting down and abandoning module SessionLauncher (127)
[2014.10.12-22.24.03:039][505]LogModuleManager: Shutting down and abandoning module SessionFrontend (126)
[2014.10.12-22.24.03:039][505]LogModuleManager: Shutting down and abandoning module ProfilerClient (125)
[2014.10.12-22.24.03:039][505]LogModuleManager: Shutting down and abandoning module TargetDeviceServices (124)
[2014.10.12-22.24.03:039][505]LogModuleManager: Shutting down and abandoning module DeviceManager (123)
[2014.10.12-22.24.03:039][505]LogModuleManager: Shutting down and abandoning module AutomationController (122)
[2014.10.12-22.24.03:039][505]LogModuleManager: Shutting down and abandoning module AutomationWindow (121)
[2014.10.12-22.24.03:039][505]LogModuleManager: Shutting down and abandoning module Layers (120)
[2014.10.12-22.24.03:039][505]LogModuleManager: Shutting down and abandoning module ComponentVisualizers (119)
[2014.10.12-22.24.03:039][505]LogModuleManager: Shutting down and abandoning module DetailCustomizations (118)
[2014.10.12-22.24.03:039][505]LogModuleManager: Shutting down and abandoning module PackagesDialog (117)
[2014.10.12-22.24.03:039][505]LogModuleManager: Shutting down and abandoning module DirectoryWatcher (116)
[2014.10.12-22.24.03:039][505]LogModuleManager: Shutting down and abandoning module AssetRegistry (115)
[2014.10.12-22.24.03:141][505]LogModuleManager: Shutting down and abandoning module Persona (114)
[2014.10.12-22.24.03:141][505]LogModuleManager: Shutting down and abandoning module GraphEditor (113)
[2014.10.12-22.24.03:142][505]LogModuleManager: Shutting down and abandoning module ClassViewer (112)
[2014.10.12-22.24.03:142][505]LogModuleManager: Shutting down and abandoning module Toolbox (111)
[2014.10.12-22.24.03:142][505]LogModuleManager: Shutting down and abandoning module ModuleUI (110)
[2014.10.12-22.24.03:142][505]LogModuleManager: Shutting down and abandoning module Sequencer (109)
[2014.10.12-22.24.03:142][505]LogModuleManager: Shutting down and abandoning module MovieSceneTools (108)
[2014.10.12-22.24.03:142][505]LogModuleManager: Shutting down and abandoning module OutputLog (107)
[2014.10.12-22.24.03:142][505]LogModuleManager: Shutting down and abandoning module GammaUI (106)
[2014.10.12-22.24.03:142][505]LogModuleManager: Shutting down and abandoning module Documentation (105)
[2014.10.12-22.24.03:142][505]LogModuleManager: Shutting down and abandoning module GameLiveStreaming (104)
[2014.10.12-22.24.03:142][505]LogModuleManager: Shutting down and abandoning module StreamingPauseRendering (103)
[2014.10.12-22.24.03:142][505]LogModuleManager: Shutting down and abandoning module AnalyticsET (102)
[2014.10.12-22.24.03:142][505]LogModuleManager: Shutting down and abandoning module Analytics (101)
[2014.10.12-22.24.03:142][505]LogModuleManager: Shutting down and abandoning module GameplayDebugger (100)
[2014.10.12-22.24.03:142][505]LogModuleManager: Shutting down and abandoning module AIModule (99)
[2014.10.12-22.24.03:142][505]LogModuleManager: Shutting down and abandoning module ProfilerService (98)
[2014.10.12-22.24.03:356][505]LogModuleManager: Shutting down and abandoning module TaskGraph (97)
[2014.10.12-22.24.03:356][505]LogModuleManager: Shutting down and abandoning module SlateRemote (96)
[2014.10.12-22.24.03:356][505]LogModuleManager: Shutting down and abandoning module ScriptEditorPlugin (95)
[2014.10.12-22.24.03:356][505]LogModuleManager: Shutting down and abandoning module CustomMeshComponent (94)
[2014.10.12-22.24.03:356][505]LogModuleManager: Shutting down and abandoning module CableComponent (93)
[2014.10.12-22.24.03:356][505]LogModuleManager: Shutting down and abandoning module MessagingDebugger (92)
[2014.10.12-22.24.03:356][505]LogModuleManager: Shutting down and abandoning module ViewportSnapping (91)
[2014.10.12-22.24.03:356][505]LogModuleManager: Shutting down and abandoning module SmartSnapping (90)
[2014.10.12-22.24.03:356][505]LogModuleManager: Shutting down and abandoning module PaperTiledImporter (89)
[2014.10.12-22.24.03:356][505]LogModuleManager: Shutting down and abandoning module PaperJsonImporter (88)
[2014.10.12-22.24.03:356][505]LogModuleManager: Shutting down and abandoning module GameProjectGeneration (87)
[2014.10.12-22.24.03:356][505]LogModuleManager: Shutting down and abandoning module Matinee (86)
[2014.10.12-22.24.03:356][505]LogModuleManager: Shutting down and abandoning module Kismet (85)
[2014.10.12-22.24.03:356][505]LogModuleManager: Shutting down and abandoning module SlateReflector (84)
[2014.10.12-22.24.03:356][505]LogModuleManager: Shutting down and abandoning module LevelEditor (83)
[2014.10.12-22.24.03:358][505]LogModuleManager: Shutting down and abandoning module IntroTutorials (82)
[2014.10.12-22.24.03:358][505]LogModuleManager: Shutting down and abandoning module ContentBrowser (81)
[2014.10.12-22.24.03:358][505]LogModuleManager: Shutting down and abandoning module PropertyEditor (80)
[2014.10.12-22.24.03:358][505]LogModuleManager: Shutting down and abandoning module AssetTools (79)
[2014.10.12-22.24.03:358][505]LogModuleManager: Shutting down and abandoning module Paper2DEditor (78)
[2014.10.12-22.24.03:358][505]LogModuleManager: Shutting down and abandoning module SpeedTreeImporter (77)
[2014.10.12-22.24.03:358][505]LogModuleManager: Shutting down and abandoning module PluginsEditor (76)
[2014.10.12-22.24.03:358][505]LogModuleManager: Shutting down and abandoning module MainFrame (75)
[2014.10.12-22.24.03:358][505]LogModuleManager: Shutting down and abandoning module EpicSurvey (74)
[2014.10.12-22.24.03:359][505]LogModuleManager: Shutting down and abandoning module VisualStudioSourceCodeAccess (73)
[2014.10.12-22.24.03:359][505]LogModuleManager: Shutting down and abandoning module UObjectPlugin (72)
[2014.10.12-22.24.03:359][505]LogModuleManager: Shutting down and abandoning module GitSourceControl (71)
[2014.10.12-22.24.03:359][505]LogModuleManager: Shutting down and abandoning module SubversionSourceControl (70)
[2014.10.12-22.24.03:359][505]LogModuleManager: Shutting down and abandoning module SourceControl (69)
[2014.10.12-22.24.03:359][505]LogModuleManager: Shutting down and abandoning module PerforceSourceControl (68)
[2014.10.12-22.24.03:359][505]LogModuleManager: Shutting down and abandoning module BlankPlugin (67)
[2014.10.12-22.24.03:359][505]LogModuleManager: Shutting down and abandoning module ScriptPlugin (66)
[2014.10.12-22.24.03:359][505]LogModuleManager: Shutting down and abandoning module UdpMessaging (65)
[2014.10.12-22.24.03:460][505]LogModuleManager: Shutting down and abandoning module Paper2D (64)
[2014.10.12-22.24.03:460][505]LogModuleManager: Shutting down and abandoning module WindowsMoviePlayer (63)
[2014.10.12-22.24.03:468][505]LogModuleManager: Shutting down and abandoning module ImageWrapper (62)
[2014.10.12-22.24.03:468][505]LogModuleManager: Shutting down and abandoning module OnlineBlueprintSupport (61)
[2014.10.12-22.24.03:468][505]LogModuleManager: Shutting down and abandoning module FunctionalTesting (60)
[2014.10.12-22.24.03:468][505]LogModuleManager: Shutting down and abandoning module CollisionAnalyzer (59)
[2014.10.12-22.24.03:468][505]LogModuleManager: Shutting down and abandoning module WorkspaceMenuStructure (58)
[2014.10.12-22.24.03:469][505]LogModuleManager: Shutting down and abandoning module MessageLog (57)
[2014.10.12-22.24.03:469][505]LogModuleManager: Shutting down and abandoning module UMGEditor (56)
[2014.10.12-22.24.03:469][505]LogModuleManager: Shutting down and abandoning module UMG (55)
[2014.10.12-22.24.03:469][505]LogModuleManager: Shutting down and abandoning module Slate (54)
[2014.10.12-22.24.03:469][505]LogModuleManager: Shutting down and abandoning module EditorStyle (53)
[2014.10.12-22.24.03:473][505]LogModuleManager: Shutting down and abandoning module SessionServices (52)
[2014.10.12-22.24.03:473][505]LogModuleManager: Shutting down and abandoning module SourceCodeAccess (51)
[2014.10.12-22.24.03:473][505]LogModuleManager: Shutting down and abandoning module HeadMountedDisplay (50)
[2014.10.12-22.24.03:474][505]LogModuleManager: Shutting down and abandoning module XAudio2 (49)
[2014.10.12-22.24.03:474][505]LogModuleManager: Shutting down and abandoning module Networking (47)
[2014.10.12-22.24.03:474][505]LogModuleManager: Shutting down and abandoning module Core (46)
[2014.10.12-22.24.03:474][505]LogModuleManager: Shutting down and abandoning module KismetCompiler (45)
[2014.10.12-22.24.03:474][505]LogModuleManager: Shutting down and abandoning module PhysXFormats (44)
[2014.10.12-22.24.03:474][505]LogModuleManager: Shutting down and abandoning module MeshUtilities (43)
[2014.10.12-22.24.03:474][505]LogModuleManager: Shutting down and abandoning module DerivedDataCache (42)
[2014.10.12-22.24.03:537][505]LogDerivedDataCache: Shutdown
[2014.10.12-22.24.03:537][505]LogModuleManager: Shutting down and abandoning module ShaderFormatOpenGL (41)
[2014.10.12-22.24.03:537][505]LogModuleManager: Shutting down and abandoning module ShaderFormatD3D (40)
[2014.10.12-22.24.03:537][505]LogModuleManager: Shutting down and abandoning module MetalShaderFormat (39)
[2014.10.12-22.24.03:537][505]LogModuleManager: Shutting down and abandoning module TextureFormatUncompressed (38)
[2014.10.12-22.24.03:537][505]LogModuleManager: Shutting down and abandoning module TextureFormatPVR (37)
[2014.10.12-22.24.03:537][505]LogModuleManager: Shutting down and abandoning module TextureFormatDXT (36)
[2014.10.12-22.24.03:537][505]LogModuleManager: Shutting down and abandoning module TextureFormatAndroid (35)
[2014.10.12-22.24.03:537][505]LogModuleManager: Shutting down and abandoning module AudioFormatOpus (34)
[2014.10.12-22.24.03:537][505]LogModuleManager: Shutting down and abandoning module AudioFormatOgg (33)
[2014.10.12-22.24.03:537][505]LogModuleManager: Shutting down and abandoning module AudioFormatADPCM (32)
[2014.10.12-22.24.03:537][505]LogModuleManager: Shutting down and abandoning module Messaging (31)
[2014.10.12-22.24.03:537][505]LogModuleManager: Shutting down and abandoning module IOSTargetPlatform (30)
[2014.10.12-22.24.03:537][505]LogModuleManager: Shutting down and abandoning module Android_PVRTCTargetPlatform (29)
[2014.10.12-22.24.03:537][505]LogModuleManager: Shutting down and abandoning module Android_ETC2TargetPlatform (28)
[2014.10.12-22.24.03:537][505]LogModuleManager: Shutting down and abandoning module Android_ETC1TargetPlatform (27)
[2014.10.12-22.24.03:537][505]LogModuleManager: Shutting down and abandoning module Android_DXTTargetPlatform (26)
[2014.10.12-22.24.03:537][505]LogModuleManager: Shutting down and abandoning module Android_ATCTargetPlatform (25)
[2014.10.12-22.24.03:537][505]LogModuleManager: Shutting down and abandoning module AndroidTargetPlatform (24)
[2014.10.12-22.24.03:537][505]LogModuleManager: Shutting down and abandoning module WindowsTargetPlatform (23)
[2014.10.12-22.24.03:538][505]LogModuleManager: Shutting down and abandoning module WindowsServerTargetPlatform (22)
[2014.10.12-22.24.03:538][505]LogModuleManager: Shutting down and abandoning module WindowsNoEditorTargetPlatform (21)
[2014.10.12-22.24.03:538][505]LogModuleManager: Shutting down and abandoning module WindowsClientTargetPlatform (20)
[2014.10.12-22.24.03:538][505]LogModuleManager: Shutting down and abandoning module TargetPlatform (19)
[2014.10.12-22.24.03:538][505]LogModuleManager: Shutting down and abandoning module InputCore (18)
[2014.10.12-22.24.03:538][505]LogModuleManager: Shutting down and abandoning module Settings (17)
[2014.10.12-22.24.03:538][505]LogModuleManager: Shutting down and abandoning module ExampleDeviceProfileSelector (14)
[2014.10.12-22.24.03:538][505]LogModuleManager: Shutting down and abandoning module OculusRift (13)
[2014.10.12-22.24.03:538][505]LogModuleManager: Shutting down and abandoning module TextureCompressor (12)
[2014.10.12-22.24.03:538][505]LogModuleManager: Shutting down and abandoning module ShaderCore (11)
[2014.10.12-22.24.03:538][505]LogModuleManager: Shutting down and abandoning module OpenGLDrv (10)
[2014.10.12-22.24.03:538][505]LogModuleManager: Shutting down and abandoning module D3D11RHI (9)
[2014.10.12-22.24.03:538][505]LogModuleManager: Shutting down and abandoning module SlateRHIRenderer (8)
[2014.10.12-22.24.03:538][505]LogModuleManager: Shutting down and abandoning module Renderer (7)
[2014.10.12-22.24.03:538][505]LogModuleManager: Shutting down and abandoning module Engine (6)
[2014.10.12-22.24.03:538][505]LogModuleManager: Shutting down and abandoning module CoreUObject (5)
[2014.10.12-22.24.03:538][505]LogModuleManager: Shutting down and abandoning module NetworkFile (4)
[2014.10.12-22.24.03:538][505]LogModuleManager: Shutting down and abandoning module StreamingFile (3)
[2014.10.12-22.24.03:538][505]LogModuleManager: Shutting down and abandoning module SandboxFile (2)
[2014.10.12-22.24.03:538][505]LogModuleManager: Shutting down and abandoning module PakFile (1)
[2014.10.12-22.24.03:539][505]LogExit: Exiting.
[2014.10.12-22.24.03:563][505]Log file closed, 10/13/14 00:24:03
